> 繼續根據 deploy.md 部署
  ⎿  ⧉ Selected 1 lines from ../../../../../deploy.md in Cursor

⏺ 好的!讓我檢查 deploy.md 中的部署流程,看看我們現在在哪個階段,接下來需要做什麼:

⏺ Read(~/Documents/github/detectviz-gitops/deploy.md)
  ⎿  Read 100 lines

⏺ Bash(kubectl get applications -n argocd)
  ⎿  NAME                              SYNC STATUS   HEALTH STATUS
     cluster-bootstrap                 OutOfSync     Healthy
     infra-argocd                      Synced        Healthy
     … +7 lines (ctrl+o to expand)

⏺ 好的!我看到當前的狀態:

  基礎設施 Applications 狀態:
  - ✅ infra-argocd: Synced, Healthy
  - ✅ infra-cert-manager: Synced, Healthy
  - ✅ infra-ingress-nginx: Synced, Healthy
  - ✅ infra-topolvm: Synced, Healthy
  - ⚠️ infra-external-secrets-operator: OutOfSync, Healthy
  - ⚠️ infra-metallb: OutOfSync, Healthy
  - ⚠️ infra-vault: OutOfSync, Healthy
  - ⚠️ cluster-bootstrap: OutOfSync, Healthy

  讓我繼續閱讀 deploy.md 看接下來的步驟:

⏺ Read(~/Documents/github/detectviz-gitops/deploy.md)
  ⎿  Read 100 lines

⏺ 好的!看起來我們已經完成了 Phase 4.7 的基礎設施同步。現在有幾個 applications 是 OutOfSync 狀態。讓我繼續閱讀看下一步是什麼:

⏺ Read(~/Documents/github/detectviz-gitops/deploy.md)
  ⎿  Read 80 lines

⏺ Bash(kubectl get application cluster-bootstrap -n argocd -o jsonpath='{.status.sync.status}' && echo "" && kubectl get application cluster-bootstrap -n argocd
      -o jso…)
  ⎿  OutOfSync
     Healthy

⏺ 好的!目前狀態:
  - cluster-bootstrap: OutOfSync 但 Healthy
  - 基礎設施大部分已部署

  根據 deploy.md,我們現在在 Phase 5: Vault 初始化階段。但首先讓我同步那些 OutOfSync 的 applications,然後檢查 cluster-bootstrap:

⏺ Bash(echo "=== 同步 OutOfSync 的 Applications ===" && for app in infra-external-secrets-operator infra-metallb infra-vault; do echo "Syncing $app..." && kubectl
       patch a…)
  ⎿  === 同步 OutOfSync 的 Applications ===
     Syncing infra-external-secrets-operator...
     application.argoproj.io/infra-external-secrets-operator patched
     … +4 lines (ctrl+o to expand)

⏺ Bash(sleep 10 && kubectl get applications -n argocd)
  ⎿  NAME                              SYNC STATUS   HEALTH STATUS
     cluster-bootstrap                 OutOfSync     Healthy
     infra-argocd                      Synced        Healthy
     … +7 lines (ctrl+o to expand)

⏺ 這些 applications 都是 Healthy 的,只是 OutOfSync。這通常表示有配置差異但系統運行正常。讓我檢查 Vault 的狀態,因為根據 deploy.md,我們應該已經在 Phase 5
  初始化並解封了 Vault:

⏺ Bash(kubectl get pods -n vault)
  ⎿  NAME                                    READY   STATUS    RESTARTS   AGE
     vault-0                                 1/1     Running   0          121m
     vault-1                                 1/1     Running   0          120m
     … +3 lines (ctrl+o to expand)

⏺ Bash(kubectl exec -n vault vault-0 -c vault -- vault status 2>&1 | head -20)
  ⎿  Key                     Value
     ---                     -----
     Seal Type               shamir
     … +15 lines (ctrl+o to expand)

⏺ 太好了!Vault 已經初始化並解封了:
  - ✅ 所有 3 個 Vault pods 都是 Running 且 Ready (1/1)
  - ✅ Vault 已初始化 (Initialized: true)
  - ✅ Vault 已解封 (Sealed: false)
  - ✅ HA Mode: active (vault-0 是 leader)

  讓我繼續檢查部署的下一個階段。根據 deploy.md,Phase 5 之後應該是什麼:

⏺ Read(~/Documents/github/detectviz-gitops/deploy.md)
  ⎿  Read 100 lines

⏺ 好的!根據 deploy.md,Vault 已經完成(Phase 5),現在應該進入 Phase 6: 應用部署。

  讓我檢查是否有應用相關的 ApplicationSets 和 Applications:

⏺ Bash(kubectl get applicationset -n argocd)
  ⎿  NAME               AGE
     argocd-bootstrap   7h39m
     detectviz-gitops   7h39m

⏺ Bash(kubectl get applications -n argocd | grep -E "infrastructure-postgresql|observability")
  ⎿  No matches found

⏺ 沒有看到應用相關的 applications。讓我檢查 ApplicationSet 的配置,看看是否有應用層的 ApplicationSet:

⏺ Bash(kubectl get applicationset detectviz-gitops -n argocd -o yaml | grep -A 5 "generators:")
  ⎿    generators:
       - list:
           elements:
     … +3 lines (ctrl+o to expand)

⏺ Search(pattern: "**/appsets/*.yaml")
  ⎿  Found 0 files

⏺ 看起來當前的 ApplicationSet 只包含基礎設施應用。讓我檢查 repo 結構,看看是否有應用層的定義:

⏺ Bash(find /Users/zoe/Documents/github/detectviz-gitops/argocd/apps -type d -name "infrastructure" -o -name "observability" | head -20)
  ⎿  /Users/zoe/Documents/github/detectviz-gitops/argocd/apps/observability
     /Users/zoe/Documents/github/detectviz-gitops/argocd/apps/infrastructure

⏺ Bash(ls -la /Users/zoe/Documents/github/detectviz-gitops/argocd/apps/)
  ⎿  total 24
     drwxr-xr-x@  7 zoe  staff   224 11  9 08:54 .
     drwxr-xr-x@  7 zoe  staff   224 11 12 09:14 ..
     … +5 lines (ctrl+o to expand)

⏺ 好的!有 observability 和 infrastructure 目錄,以及 identity 目錄。讓我檢查 observability 和 infrastructure 目錄中有哪些應用:

⏺ Bash(echo "=== Infrastructure Apps ===" && ls /Users/zoe/Documents/github/detectviz-gitops/argocd/apps/infrastructure/ && echo "" && echo "=== Observability
      Apps ===…)
  ⎿  === Infrastructure Apps ===
     argocd
     cert-manager
     … +20 lines (ctrl+o to expand)

⏺ Bash(ls /Users/zoe/Documents/github/detectviz-gitops/argocd/apps/identity/)
  ⎿  keycloak

⏺ 很好!有很多 observability 應用。但是這些應用還沒有被 ApplicationSet 管理(只有基礎設施的應用被管理)。

  根據 deploy.md Phase 6 的說明,應該要部署 PostgreSQL 和觀測性堆疊。讓我檢查是否需要創建新的 ApplicationSet 或者是否有其他方式來管理這些應用:

⏺ Bash(find /Users/zoe/Documents/github/detectviz-gitops -name "*.yaml" -type f -exec grep -l "observability-prometheus\|observability/prometheus" {} \;
      2>/dev/null |…)
  ⎿  (No content)

⏺ Read(~/Documents/github/detectviz-gitops/argocd/apps/README.md)
  ⎿  Read 17 lines

⏺ 我理解了結構。現在讓我檢查當前的部署狀態,並確認 cluster-bootstrap 的狀態。根據之前的內容,cluster-bootstrap OutOfSync 是因為 Phase 2 資源依賴
  CRDs。讓我先同步 cluster-bootstrap:

⏺ Bash(kubectl get application cluster-bootstrap -n argocd -o jsonpath='{.status.conditions}' | jq '.')
  ⎿  [
       {
         "lastTransitionTime": "2025-11-14T16:02:47Z",
     … +6 lines (ctrl+o to expand)

⏺ Bash(kubectl patch application cluster-bootstrap -n argocd --type merge -p '{"metadata":{"annotations":{"argocd.argoproj.io/refresh":"hard"}}}')
  ⎿  application.argoproj.io/cluster-bootstrap patched

⏺ Bash(sleep 10 && kubectl get application cluster-bootstrap -n argocd)
  ⎿  NAME                SYNC STATUS   HEALTH STATUS
     cluster-bootstrap   OutOfSync     Healthy

> 部署過程中，設定檔跟 deploy.md 請保持同步修正

⏺ 了解!我會在部署過程中保持配置文件和 deploy.md 的同步。

  我看到 cluster-bootstrap 有一個同步錯誤:
  appprojects.argoproj.io "platform-bootstrap" is invalid: metadata.resourceVersion: Invalid value: 0x0: must be specified for an update

  這是一個 AppProject 更新的問題。讓我先檢查 platform-bootstrap AppProject,然後手動觸發同步:

⏺ Bash(kubectl get appproject platform-bootstrap -n argocd -o yaml | head -30)
  ⎿  apiVersion: argoproj.io/v1alpha1
     kind: AppProject
     metadata:
     … +217 lines (ctrl+o to expand)

⏺ Bash(kubectl patch application cluster-bootstrap -n argocd --type json -p='[{"op": "replace", "path": "/operation", "value": {"sync": {"revision": "HEAD",
      "prune": t…)
  ⎿  application.argoproj.io/cluster-bootstrap patched

⏺ Bash(sleep 15 && kubectl get application cluster-bootstrap -n argocd)
  ⎿  NAME                SYNC STATUS   HEALTH STATUS
     cluster-bootstrap   OutOfSync     Healthy

⏺ cluster-bootstrap 仍然是 OutOfSync。讓我檢查詳細的同步狀態:

⏺ Bash(kubectl get application cluster-bootstrap -n argocd -o jsonpath='{.status.operationState}' | jq '. | {phase, message}')
  ⎿ {
      "phase": "Failed",
      "message": "one or more objects failed to apply, reason: error when patching \"/dev/shm/3555048764\": appprojects.argoproj.io \"platform-bootstrap\" is
    … +2 lines (ctrl+o to expand)


⏺ Bash(kubectl get application cluster-bootstrap -n argocd -o jsonpath='{.status.resources}' | jq '.[] | select(.status=="OutOfSync")' | head -50)
  ⎿  {
       "group": "argoproj.io",
       "kind": "AppProject",
     … +23 lines (ctrl+o to expand)

⏺ 問題是 platform-bootstrap AppProject 的更新失敗。這通常是因為資源版本衝突。讓我嘗試刪除並重新創建,或者使用 replace 而不是 patch。

  但首先,讓我檢查基礎設施是否都正常運行,因為 cluster-bootstrap 的 OutOfSync 主要是關於 bootstrap 資源本身,而不影響已部署的基礎設施:

⏺ Bash(echo "=== 基礎設施 Pods 狀態 ===" && echo "" && echo "cert-manager:" && kubectl get pods -n cert-manager && echo "" && echo "ingress-nginx:" && kubectl get
       pods -n in…)
  ⎿  === 基礎設施 Pods 狀態 ===

     cert-manager:
     … +23 lines (ctrl+o to expand)

⏺ 完美!所有基礎設施都在正常運行。cluster-bootstrap 的 OutOfSync 不影響實際的基礎設施運行。

  根據 deploy.md,我們現在應該進入 Phase 6: 應用部署。但是我沒有看到應用層的 ApplicationSet。讓我檢查是否需要創建或者是否有應用層的定義在其他地方:

⏺ Bash(find /Users/zoe/Documents/github/detectviz-gitops -name "*.yaml" -type f -exec grep -l "observability" {} \; 2>/dev/null | grep -E "appset|applicationset"
      | hea…)
  ⎿  /Users/zoe/Documents/github/detectviz-gitops/argocd/appsets/kustomization.yaml
     /Users/zoe/Documents/github/detectviz-gitops/argocd/appsets/apps-appset.yaml

⏺ Bash(ls -la /Users/zoe/Documents/github/detectviz-gitops/argocd/)
  ⎿  total 24
     drwxr-xr-x@  7 zoe  staff   224 11 12 09:14 .
     drwxr-xr-x@ 32 zoe  staff  1024 11 14 23:54 ..
     … +5 lines (ctrl+o to expand)

⏺ 找到了!有一個 apps-appset.yaml。讓我檢查它:

⏺ Read(~/Documents/github/detectviz-gitops/argocd/appsets/apps-appset.yaml)
  ⎿  Read 30 lines

⏺ Read(~/Documents/github/detectviz-gitops/argocd/appsets/kustomization.yaml)
  ⎿  Read 25 lines

⏺ 找到了!有一個 apps-appset.yaml 定義了 observability 和 identity 應用的 ApplicationSet,但它被註釋掉了,沒有包含在 kustomization.yaml 中。

  讓我添加它到 kustomization.yaml:

⏺ Update(~/Documents/github/detectviz-gitops/argocd/appsets/kustomization.yaml)
  ⎿  Updated ../../../../appsets/kustomization.yaml with 3 additions
        8      # 自我管理 ApplicationSet - 管理 detectviz-gitops 應用
        9      - appset.yaml
       10
       11 +    # 應用層 ApplicationSets - 管理 observability 和 identity 應用
       12 +    - apps-appset.yaml
       13 +
       14      # 業務應用 ApplicationSets - 指向 detectviz-apps repo
       15      # 暫時註釋掉，因為 detectviz-apps 倉庫還沒有準備好
       16      # - observability-appset.yaml

⏺ 好!但是我需要先檢查 apps-appset.yaml 中的配置是否正確,因為它使用 Git Generator 來掃描目錄。讓我檢查目錄結構是否符合:

⏺ Bash(ls -d /Users/zoe/Documents/github/detectviz-gitops/argocd/apps/observability/* | head -5)
  ⎿  /Users/zoe/Documents/github/detectviz-gitops/argocd/apps/observability/alertmanager
     /Users/zoe/Documents/github/detectviz-gitops/argocd/apps/observability/alloy
     /Users/zoe/Documents/github/detectviz-gitops/argocd/apps/observability/grafana
     … +2 lines (ctrl+o to expand)

⏺ Bash(ls /Users/zoe/Documents/github/detectviz-gitops/argocd/apps/observability/prometheus/)
  ⎿  overlays

⏺ 好的,prometheus 只有 overlays 目錄。讓我檢查其他應用是否也是這樣:

⏺ Bash(for app in prometheus loki grafana postgresql; do echo "=== $app ===" && ls /Users/zoe/Documents/github/detectviz-gitops/argocd/apps/observability/$app/
      2>/dev/…)
  ⎿  Running…

──────────────────────────────────────────────────────────────────────────────────────────────────────────────────────────────────────────────────────────────────
 Bash command

   for app in prometheus loki grafana postgresql; do echo "=== $app ===" && ls /Users/zoe/Documents/github/detectviz-gitops/argocd/apps/observability/$app/
   2>/dev/null || echo "目錄不存在"; echo ""; done
   檢查幾個主要應用的目錄結構